kf.plasma.quick: Applet preload policy set to 1
qml: PlasmaExtras.ScrollArea is deprecated. Use PlasmaComponents3.ScrollView instead.
trying to show an empty dialog
file:///usr/share/plasma/shells/org.kde.plasma.desktop/contents/views/Desktop.qml:118:19: QML Loader: Binding loop detected for property "height"
file:///usr/share/plasma/shells/org.kde.plasma.desktop/contents/views/Desktop.qml:118:19: QML Loader: Binding loop detected for property "height"
file:///usr/share/plasma/plasmoids/org.kde.plasma.digitalclock/contents/ui/DigitalClock.qml:531:9: QML Label: Binding loop detected for property "height"
file:///usr/share/plasma/plasmoids/org.kde.plasma.digitalclock/contents/ui/DigitalClock.qml:486:13: QML Label: Binding loop detected for property "height"
trying to show an empty dialog
file:///usr/share/plasma/plasmoids/org.kde.plasma.systemmonitor/contents/ui/main.qml:43:5: QML MouseArea: Cannot anchor to an item that isn't a parent or sibling.
Trying to use rootObject before initialization is completed, whilst using setInitializationDelayed. Forcing completion
file:///usr/share/plasma/plasmoids/org.kde.plasma.digitalclock/contents/ui/DigitalClock.qml:486:13: QML Label: Binding loop detected for property "height"
file:///usr/share/plasma/plasmoids/org.kde.plasma.digitalclock/contents/ui/DigitalClock.qml:531:9: QML Label: Binding loop detected for property "height"
file:///usr/share/plasma/plasmoids/org.kde.plasma.digitalclock/contents/ui/DigitalClock.qml:553:5: QML Label: Binding loop detected for property "height"
file:///usr/share/ksysguard/sensorfaces/org.kde.ksysguard.linechart/contents/ui/LineChart.qml:94:13: Unable to assign [undefined] to int
file:///usr/share/ksysguard/sensorfaces/org.kde.ksysguard.linechart/contents/ui/LineChart.qml:94:13: Unable to assign [undefined] to int
file:///usr/share/ksysguard/sensorfaces/org.kde.ksysguard.linechart/contents/ui/LineChart.qml:57:9: Unable to assign [undefined] to int
trying to show an empty dialog
trying to show an empty dialog
file:///usr/share/plasma/plasmoids/org.kde.panel/contents/ui/main.qml:18:1: QML DropArea (parent or ancestor of QQuickLayoutAttached): Binding loop detected for property "minimumWidth"
Cyclic dependency detected between "file:///usr/share/plasma/plasmoids/org.kde.plasma.notifications/contents/ui/global/Globals.qml" and "file:///usr/share/plasma/plasmoids/org.kde.plasma.notifications/contents/ui/NotificationHeader.qml"
libkcups: CUPS-Get-Printers last error: 1030 No destinations added.
libkcups: Create-Printer-Subscriptions last error: 0 successful-ok
libkcups: Get-Jobs last error: 0 successful-ok
libkcups: Get-Jobs last error: 0 successful-ok
file:///usr/share/plasma/plasmoids/org.kde.plasma.private.systemtray/contents/ui/ExpandedRepresentation.qml:165:9: QML HiddenItemsView: Binding loop detected for property "implicitHeight"
libkcups: 0
libkcups: 0
trying to show an empty dialog
file:///usr/share/plasma/shells/org.kde.plasma.desktop/contents/views/Desktop.qml:118:19: QML Loader: Binding loop detected for property "height"
file:///usr/share/plasma/shells/org.kde.plasma.desktop/contents/views/Desktop.qml:118:19: QML Loader: Binding loop detected for property "height"
Plasma Shell startup completed
QFont::setPointSizeF: Point size <= 0 (0.000000), must be greater than 0
libpng warning: iCCP: known incorrect sRGB profile
libpng warning: known incorrect sRGB profile
libpng warning: profile matches sRGB but writing iCCP instead
trying to show an empty dialog
qt.qpa.xcb: QXcbConnection: XCB error: 2 (BadValue), sequence: 4630, resource id: 0, major code: 53 (CreatePixmap), minor code: 0
qt.qpa.xcb: QXcbConnection: XCB error: 9 (BadDrawable), sequence: 4631, resource id: 39845956, major code: 55 (CreateGC), minor code: 0
qt.qpa.xcb: QXcbConnection: XCB error: 9 (BadDrawable), sequence: 4632, resource id: 39845956, major code: 72 (PutImage), minor code: 0
qt.qpa.xcb: QXcbConnection: XCB error: 2 (BadValue), sequence: 4633, resource id: 0, major code: 53 (CreatePixmap), minor code: 0
qt.qpa.xcb: QXcbConnection: XCB error: 9 (BadDrawable), sequence: 4634, resource id: 39845958, major code: 55 (CreateGC), minor code: 0
qt.qpa.xcb: QXcbConnection: XCB error: 9 (BadDrawable), sequence: 4635, resource id: 39845958, major code: 72 (PutImage), minor code: 0
qt.qpa.xcb: QXcbConnection: XCB error: 2 (BadValue), sequence: 4636, resource id: 0, major code: 53 (CreatePixmap), minor code: 0
qt.qpa.xcb: QXcbConnection: XCB error: 9 (BadDrawable), sequence: 4637, resource id: 39845960, major code: 55 (CreateGC), minor code: 0
qt.qpa.xcb: QXcbConnection: XCB error: 9 (BadDrawable), sequence: 4638, resource id: 39845960, major code: 72 (PutImage), minor code: 0
qt.qpa.xcb: QXcbConnection: XCB error: 2 (BadValue), sequence: 4639, resource id: 0, major code: 53 (CreatePixmap), minor code: 0
qt.qpa.xcb: QXcbConnection: XCB error: 9 (BadDrawable), sequence: 4640, resource id: 39845962, major code: 55 (CreateGC), minor code: 0
qt.qpa.xcb: QXcbConnection: XCB error: 9 (BadDrawable), sequence: 4641, resource id: 39845962, major code: 72 (PutImage), minor code: 0
qt.qpa.xcb: QXcbConnection: XCB error: 2 (BadValue), sequence: 4642, resource id: 0, major code: 53 (CreatePixmap), minor code: 0
qt.qpa.xcb: QXcbConnection: XCB error: 9 (BadDrawable), sequence: 4643, resource id: 39845964, major code: 55 (CreateGC), minor code: 0
qt.qpa.xcb: QXcbConnection: XCB error: 9 (BadDrawable), sequence: 4644, resource id: 39845964, major code: 72 (PutImage), minor code: 0
qt.qpa.xcb: QXcbConnection: XCB error: 2 (BadValue), sequence: 4645, resource id: 0, major code: 53 (CreatePixmap), minor code: 0
qt.qpa.xcb: QXcbConnection: XCB error: 9 (BadDrawable), sequence: 4646, resource id: 39845966, major code: 55 (CreateGC), minor code: 0
qt.qpa.xcb: QXcbConnection: XCB error: 9 (BadDrawable), sequence: 4647, resource id: 39845966, major code: 72 (PutImage), minor code: 0
qt.qpa.xcb: QXcbConnection: XCB error: 2 (BadValue), sequence: 4648, resource id: 0, major code: 53 (CreatePixmap), minor code: 0
qt.qpa.xcb: QXcbConnection: XCB error: 9 (BadDrawable), sequence: 4649, resource id: 39845968, major code: 55 (CreateGC), minor code: 0
qt.qpa.xcb: QXcbConnection: XCB error: 9 (BadDrawable), sequence: 4650, resource id: 39845968, major code: 72 (PutImage), minor code: 0
qt.qpa.xcb: QXcbConnection: XCB error: 2 (BadValue), sequence: 4651, resource id: 0, major code: 53 (CreatePixmap), minor code: 0
qt.qpa.xcb: QXcbConnection: XCB error: 9 (BadDrawable), sequence: 4652, resource id: 39845970, major code: 55 (CreateGC), minor code: 0
qt.qpa.xcb: QXcbConnection: XCB error: 9 (BadDrawable), sequence: 4653, resource id: 39845970, major code: 72 (PutImage), minor code: 0
qt.qpa.xcb: QXcbConnection: XCB error: 4 (BadPixmap), sequence: 5217, resource id: 39845960, major code: 54 (FreePixmap), minor code: 0
qt.qpa.xcb: QXcbConnection: XCB error: 13 (BadGC), sequence: 5218, resource id: 39845961, major code: 60 (FreeGC), minor code: 0
qt.qpa.xcb: QXcbConnection: XCB error: 4 (BadPixmap), sequence: 5219, resource id: 39845962, major code: 54 (FreePixmap), minor code: 0
qt.qpa.xcb: QXcbConnection: XCB error: 13 (BadGC), sequence: 5220, resource id: 39845963, major code: 60 (FreeGC), minor code: 0
qt.qpa.xcb: QXcbConnection: XCB error: 4 (BadPixmap), sequence: 5221, resource id: 39845964, major code: 54 (FreePixmap), minor code: 0
qt.qpa.xcb: QXcbConnection: XCB error: 13 (BadGC), sequence: 5222, resource id: 39845965, major code: 60 (FreeGC), minor code: 0
qt.qpa.xcb: QXcbConnection: XCB error: 4 (BadPixmap), sequence: 5223, resource id: 39845966, major code: 54 (FreePixmap), minor code: 0
qt.qpa.xcb: QXcbConnection: XCB error: 13 (BadGC), sequence: 5224, resource id: 39845967, major code: 60 (FreeGC), minor code: 0
qt.qpa.xcb: QXcbConnection: XCB error: 4 (BadPixmap), sequence: 5225, resource id: 39845968, major code: 54 (FreePixmap), minor code: 0
qt.qpa.xcb: QXcbConnection: XCB error: 13 (BadGC), sequence: 5226, resource id: 39845969, major code: 60 (FreeGC), minor code: 0
qt.qpa.xcb: QXcbConnection: XCB error: 4 (BadPixmap), sequence: 5227, resource id: 39845970, major code: 54 (FreePixmap), minor code: 0
qt.qpa.xcb: QXcbConnection: XCB error: 13 (BadGC), sequence: 5228, resource id: 39845971, major code: 60 (FreeGC), minor code: 0
qt.qpa.xcb: QXcbConnection: XCB error: 4 (BadPixmap), sequence: 5229, resource id: 39845956, major code: 54 (FreePixmap), minor code: 0
qt.qpa.xcb: QXcbConnection: XCB error: 13 (BadGC), sequence: 5230, resource id: 39845957, major code: 60 (FreeGC), minor code: 0
qt.qpa.xcb: QXcbConnection: XCB error: 4 (BadPixmap), sequence: 5231, resource id: 39845958, major code: 54 (FreePixmap), minor code: 0
qt.qpa.xcb: QXcbConnection: XCB error: 13 (BadGC), sequence: 5232, resource id: 39845959, major code: 60 (FreeGC), minor code: 0
qt.qpa.xcb: QXcbConnection: XCB error: 2 (BadValue), sequence: 5475, resource id: 0, major code: 53 (CreatePixmap), minor code: 0
qt.qpa.xcb: QXcbConnection: XCB error: 9 (BadDrawable), sequence: 5476, resource id: 39845984, major code: 55 (CreateGC), minor code: 0
qt.qpa.xcb: QXcbConnection: XCB error: 9 (BadDrawable), sequence: 5477, resource id: 39845984, major code: 72 (PutImage), minor code: 0
qt.qpa.xcb: QXcbConnection: XCB error: 2 (BadValue), sequence: 5478, resource id: 0, major code: 53 (CreatePixmap), minor code: 0
qt.qpa.xcb: QXcbConnection: XCB error: 9 (BadDrawable), sequence: 5479, resource id: 39845986, major code: 55 (CreateGC), minor code: 0
qt.qpa.xcb: QXcbConnection: XCB error: 9 (BadDrawable), sequence: 5480, resource id: 39845986, major code: 72 (PutImage), minor code: 0
qt.qpa.xcb: QXcbConnection: XCB error: 2 (BadValue), sequence: 5481, resource id: 0, major code: 53 (CreatePixmap), minor code: 0
qt.qpa.xcb: QXcbConnection: XCB error: 9 (BadDrawable), sequence: 5482, resource id: 39845988, major code: 55 (CreateGC), minor code: 0
qt.qpa.xcb: QXcbConnection: XCB error: 9 (BadDrawable), sequence: 5483, resource id: 39845988, major code: 72 (PutImage), minor code: 0
qt.qpa.xcb: QXcbConnection: XCB error: 2 (BadValue), sequence: 5484, resource id: 0, major code: 53 (CreatePixmap), minor code: 0
qt.qpa.xcb: QXcbConnection: XCB error: 9 (BadDrawable), sequence: 5485, resource id: 39845990, major code: 55 (CreateGC), minor code: 0
qt.qpa.xcb: QXcbConnection: XCB error: 9 (BadDrawable), sequence: 5486, resource id: 39845990, major code: 72 (PutImage), minor code: 0
qt.qpa.xcb: QXcbConnection: XCB error: 2 (BadValue), sequence: 5487, resource id: 0, major code: 53 (CreatePixmap), minor code: 0
qt.qpa.xcb: QXcbConnection: XCB error: 9 (BadDrawable), sequence: 5488, resource id: 39845992, major code: 55 (CreateGC), minor code: 0
qt.qpa.xcb: QXcbConnection: XCB error: 9 (BadDrawable), sequence: 5489, resource id: 39845992, major code: 72 (PutImage), minor code: 0
qt.qpa.xcb: QXcbConnection: XCB error: 2 (BadValue), sequence: 5490, resource id: 0, major code: 53 (CreatePixmap), minor code: 0
qt.qpa.xcb: QXcbConnection: XCB error: 9 (BadDrawable), sequence: 5491, resource id: 39845994, major code: 55 (CreateGC), minor code: 0
qt.qpa.xcb: QXcbConnection: XCB error: 9 (BadDrawable), sequence: 5492, resource id: 39845994, major code: 72 (PutImage), minor code: 0
qt.qpa.xcb: QXcbConnection: XCB error: 2 (BadValue), sequence: 5493, resource id: 0, major code: 53 (CreatePixmap), minor code: 0
qt.qpa.xcb: QXcbConnection: XCB error: 9 (BadDrawable), sequence: 5494, resource id: 39845996, major code: 55 (CreateGC), minor code: 0
qt.qpa.xcb: QXcbConnection: XCB error: 9 (BadDrawable), sequence: 5495, resource id: 39845996, major code: 72 (PutImage), minor code: 0
qt.qpa.xcb: QXcbConnection: XCB error: 2 (BadValue), sequence: 5496, resource id: 0, major code: 53 (CreatePixmap), minor code: 0
qt.qpa.xcb: QXcbConnection: XCB error: 9 (BadDrawable), sequence: 5497, resource id: 39845998, major code: 55 (CreateGC), minor code: 0
qt.qpa.xcb: QXcbConnection: XCB error: 9 (BadDrawable), sequence: 5498, resource id: 39845998, major code: 72 (PutImage), minor code: 0
qt.qpa.xcb: QXcbConnection: XCB error: 4 (BadPixmap), sequence: 5716, resource id: 39845988, major code: 54 (FreePixmap), minor code: 0
qt.qpa.xcb: QXcbConnection: XCB error: 13 (BadGC), sequence: 5717, resource id: 39845989, major code: 60 (FreeGC), minor code: 0
qt.qpa.xcb: QXcbConnection: XCB error: 4 (BadPixmap), sequence: 5718, resource id: 39845990, major code: 54 (FreePixmap), minor code: 0
qt.qpa.xcb: QXcbConnection: XCB error: 13 (BadGC), sequence: 5719, resource id: 39845991, major code: 60 (FreeGC), minor code: 0
qt.qpa.xcb: QXcbConnection: XCB error: 4 (BadPixmap), sequence: 5720, resource id: 39845992, major code: 54 (FreePixmap), minor code: 0
qt.qpa.xcb: QXcbConnection: XCB error: 13 (BadGC), sequence: 5721, resource id: 39845993, major code: 60 (FreeGC), minor code: 0
qt.qpa.xcb: QXcbConnection: XCB error: 4 (BadPixmap), sequence: 5722, resource id: 39845994, major code: 54 (FreePixmap), minor code: 0
qt.qpa.xcb: QXcbConnection: XCB error: 13 (BadGC), sequence: 5723, resource id: 39845995, major code: 60 (FreeGC), minor code: 0
qt.qpa.xcb: QXcbConnection: XCB error: 4 (BadPixmap), sequence: 5724, resource id: 39845996, major code: 54 (FreePixmap), minor code: 0
qt.qpa.xcb: QXcbConnection: XCB error: 13 (BadGC), sequence: 5725, resource id: 39845997, major code: 60 (FreeGC), minor code: 0
qt.qpa.xcb: QXcbConnection: XCB error: 4 (BadPixmap), sequence: 5726, resource id: 39845998, major code: 54 (FreePixmap), minor code: 0
qt.qpa.xcb: QXcbConnection: XCB error: 13 (BadGC), sequence: 5727, resource id: 39845999, major code: 60 (FreeGC), minor code: 0
qt.qpa.xcb: QXcbConnection: XCB error: 4 (BadPixmap), sequence: 5728, resource id: 39845984, major code: 54 (FreePixmap), minor code: 0
qt.qpa.xcb: QXcbConnection: XCB error: 13 (BadGC), sequence: 5729, resource id: 39845985, major code: 60 (FreeGC), minor code: 0
qt.qpa.xcb: QXcbConnection: XCB error: 4 (BadPixmap), sequence: 5730, resource id: 39845986, major code: 54 (FreePixmap), minor code: 0
qt.qpa.xcb: QXcbConnection: XCB error: 13 (BadGC), sequence: 5731, resource id: 39845987, major code: 60 (FreeGC), minor code: 0
qt.svg: <input>:303:258: Could not add child element to parent element because the types are incorrect.
qt.svg: <input>:303:463: Could not add child element to parent element because the types are incorrect.
qt.svg: <input>:303:659: Could not add child element to parent element because the types are incorrect.
qt.svg: <input>:303:913: Could not add child element to parent element because the types are incorrect.
qt.svg: <input>:303:1049: Could not add child element to parent element because the types are incorrect.
qt.svg: <input>:303:1251: Could not add child element to parent element because the types are incorrect.
qt.svg: <input>:303:1453: Could not add child element to parent element because the types are incorrect.
qt.svg: <input>:303:1631: Could not add child element to parent element because the types are incorrect.
qt.svg: <input>:303:1739: Could not add child element to parent element because the types are incorrect.
qt.svg: <input>:303:1980: Could not add child element to parent element because the types are incorrect.
qt.svg: <input>:303:2223: Could not add child element to parent element because the types are incorrect.
qt.svg: <input>:303:258: Could not add child element to parent element because the types are incorrect.
qt.svg: <input>:303:463: Could not add child element to parent element because the types are incorrect.
qt.svg: <input>:303:659: Could not add child element to parent element because the types are incorrect.
qt.svg: <input>:303:913: Could not add child element to parent element because the types are incorrect.
qt.svg: <input>:303:1049: Could not add child element to parent element because the types are incorrect.
qt.svg: <input>:303:1251: Could not add child element to parent element because the types are incorrect.
qt.svg: <input>:303:1453: Could not add child element to parent element because the types are incorrect.
qt.svg: <input>:303:1631: Could not add child element to parent element because the types are incorrect.
qt.svg: <input>:303:1739: Could not add child element to parent element because the types are incorrect.
qt.svg: <input>:303:1980: Could not add child element to parent element because the types are incorrect.
qt.svg: <input>:303:2223: Could not add child element to parent element because the types are incorrect.
qt.qpa.xcb: QXcbConnection: XCB error: 2 (BadValue), sequence: 7749, resource id: 0, major code: 53 (CreatePixmap), minor code: 0
qt.qpa.xcb: QXcbConnection: XCB error: 9 (BadDrawable), sequence: 7750, resource id: 39846010, major code: 55 (CreateGC), minor code: 0
qt.qpa.xcb: QXcbConnection: XCB error: 9 (BadDrawable), sequence: 7751, resource id: 39846010, major code: 72 (PutImage), minor code: 0
qt.qpa.xcb: QXcbConnection: XCB error: 2 (BadValue), sequence: 7752, resource id: 0, major code: 53 (CreatePixmap), minor code: 0
qt.qpa.xcb: QXcbConnection: XCB error: 9 (BadDrawable), sequence: 7753, resource id: 39846012, major code: 55 (CreateGC), minor code: 0
qt.qpa.xcb: QXcbConnection: XCB error: 9 (BadDrawable), sequence: 7754, resource id: 39846012, major code: 72 (PutImage), minor code: 0
qt.qpa.xcb: QXcbConnection: XCB error: 2 (BadValue), sequence: 7755, resource id: 0, major code: 53 (CreatePixmap), minor code: 0
qt.qpa.xcb: QXcbConnection: XCB error: 9 (BadDrawable), sequence: 7756, resource id: 39846014, major code: 55 (CreateGC), minor code: 0
qt.qpa.xcb: QXcbConnection: XCB error: 9 (BadDrawable), sequence: 7757, resource id: 39846014, major code: 72 (PutImage), minor code: 0
qt.qpa.xcb: QXcbConnection: XCB error: 2 (BadValue), sequence: 7758, resource id: 0, major code: 53 (CreatePixmap), minor code: 0
qt.qpa.xcb: QXcbConnection: XCB error: 9 (BadDrawable), sequence: 7759, resource id: 39846016, major code: 55 (CreateGC), minor code: 0
qt.qpa.xcb: QXcbConnection: XCB error: 9 (BadDrawable), sequence: 7760, resource id: 39846016, major code: 72 (PutImage), minor code: 0
qt.qpa.xcb: QXcbConnection: XCB error: 2 (BadValue), sequence: 7761, resource id: 0, major code: 53 (CreatePixmap), minor code: 0
qt.qpa.xcb: QXcbConnection: XCB error: 9 (BadDrawable), sequence: 7762, resource id: 39846018, major code: 55 (CreateGC), minor code: 0
qt.qpa.xcb: QXcbConnection: XCB error: 9 (BadDrawable), sequence: 7763, resource id: 39846018, major code: 72 (PutImage), minor code: 0
qt.qpa.xcb: QXcbConnection: XCB error: 2 (BadValue), sequence: 7764, resource id: 0, major code: 53 (CreatePixmap), minor code: 0
qt.qpa.xcb: QXcbConnection: XCB error: 9 (BadDrawable), sequence: 7765, resource id: 39846020, major code: 55 (CreateGC), minor code: 0
qt.qpa.xcb: QXcbConnection: XCB error: 9 (BadDrawable), sequence: 7766, resource id: 39846020, major code: 72 (PutImage), minor code: 0
qt.qpa.xcb: QXcbConnection: XCB error: 2 (BadValue), sequence: 7767, resource id: 0, major code: 53 (CreatePixmap), minor code: 0
qt.qpa.xcb: QXcbConnection: XCB error: 9 (BadDrawable), sequence: 7768, resource id: 39846022, major code: 55 (CreateGC), minor code: 0
qt.qpa.xcb: QXcbConnection: XCB error: 9 (BadDrawable), sequence: 7769, resource id: 39846022, major code: 72 (PutImage), minor code: 0
qt.qpa.xcb: QXcbConnection: XCB error: 2 (BadValue), sequence: 7770, resource id: 0, major code: 53 (CreatePixmap), minor code: 0
qt.qpa.xcb: QXcbConnection: XCB error: 9 (BadDrawable), sequence: 7771, resource id: 39846024, major code: 55 (CreateGC), minor code: 0
qt.qpa.xcb: QXcbConnection: XCB error: 9 (BadDrawable), sequence: 7772, resource id: 39846024, major code: 72 (PutImage), minor code: 0
qt.qpa.xcb: QXcbConnection: XCB error: 4 (BadPixmap), sequence: 7988, resource id: 39846014, major code: 54 (FreePixmap), minor code: 0
qt.qpa.xcb: QXcbConnection: XCB error: 13 (BadGC), sequence: 7989, resource id: 39846015, major code: 60 (FreeGC), minor code: 0
qt.qpa.xcb: QXcbConnection: XCB error: 4 (BadPixmap), sequence: 7990, resource id: 39846016, major code: 54 (FreePixmap), minor code: 0
qt.qpa.xcb: QXcbConnection: XCB error: 13 (BadGC), sequence: 7991, resource id: 39846017, major code: 60 (FreeGC), minor code: 0
qt.qpa.xcb: QXcbConnection: XCB error: 4 (BadPixmap), sequence: 7992, resource id: 39846018, major code: 54 (FreePixmap), minor code: 0
qt.qpa.xcb: QXcbConnection: XCB error: 13 (BadGC), sequence: 7993, resource id: 39846019, major code: 60 (FreeGC), minor code: 0
qt.qpa.xcb: QXcbConnection: XCB error: 4 (BadPixmap), sequence: 7994, resource id: 39846020, major code: 54 (FreePixmap), minor code: 0
qt.qpa.xcb: QXcbConnection: XCB error: 13 (BadGC), sequence: 7995, resource id: 39846021, major code: 60 (FreeGC), minor code: 0
qt.qpa.xcb: QXcbConnection: XCB error: 4 (BadPixmap), sequence: 7996, resource id: 39846022, major code: 54 (FreePixmap), minor code: 0
qt.qpa.xcb: QXcbConnection: XCB error: 13 (BadGC), sequence: 7997, resource id: 39846023, major code: 60 (FreeGC), minor code: 0
qt.qpa.xcb: QXcbConnection: XCB error: 4 (BadPixmap), sequence: 7998, resource id: 39846024, major code: 54 (FreePixmap), minor code: 0
qt.qpa.xcb: QXcbConnection: XCB error: 13 (BadGC), sequence: 7999, resource id: 39846025, major code: 60 (FreeGC), minor code: 0
qt.qpa.xcb: QXcbConnection: XCB error: 4 (BadPixmap), sequence: 8000, resource id: 39846010, major code: 54 (FreePixmap), minor code: 0
qt.qpa.xcb: QXcbConnection: XCB error: 13 (BadGC), sequence: 8001, resource id: 39846011, major code: 60 (FreeGC), minor code: 0
qt.qpa.xcb: QXcbConnection: XCB error: 4 (BadPixmap), sequence: 8002, resource id: 39846012, major code: 54 (FreePixmap), minor code: 0
qt.qpa.xcb: QXcbConnection: XCB error: 13 (BadGC), sequence: 8003, resource id: 39846013, major code: 60 (FreeGC), minor code: 0
qt.svg: <input>:303:258: Could not add child element to parent element because the types are incorrect.
qt.svg: <input>:303:463: Could not add child element to parent element because the types are incorrect.
qt.svg: <input>:303:659: Could not add child element to parent element because the types are incorrect.
qt.svg: <input>:303:913: Could not add child element to parent element because the types are incorrect.
qt.svg: <input>:303:1049: Could not add child element to parent element because the types are incorrect.
qt.svg: <input>:303:1251: Could not add child element to parent element because the types are incorrect.
qt.svg: <input>:303:1453: Could not add child element to parent element because the types are incorrect.
qt.svg: <input>:303:1631: Could not add child element to parent element because the types are incorrect.
qt.svg: <input>:303:1739: Could not add child element to parent element because the types are incorrect.
qt.svg: <input>:303:1980: Could not add child element to parent element because the types are incorrect.
qt.svg: <input>:303:2223: Could not add child element to parent element because the types are incorrect.
trying to show an empty dialog
qt.svg: <input>:303:258: Could not add child element to parent element because the types are incorrect.
qt.svg: <input>:303:463: Could not add child element to parent element because the types are incorrect.
qt.svg: <input>:303:659: Could not add child element to parent element because the types are incorrect.
qt.svg: <input>:303:913: Could not add child element to parent element because the types are incorrect.
qt.svg: <input>:303:1049: Could not add child element to parent element because the types are incorrect.
qt.svg: <input>:303:1251: Could not add child element to parent element because the types are incorrect.
qt.svg: <input>:303:1453: Could not add child element to parent element because the types are incorrect.
qt.svg: <input>:303:1631: Could not add child element to parent element because the types are incorrect.
qt.svg: <input>:303:1739: Could not add child element to parent element because the types are incorrect.
qt.svg: <input>:303:1980: Could not add child element to parent element because the types are incorrect.
qt.svg: <input>:303:2223: Could not add child element to parent element because the types are incorrect.
qt.qpa.xcb: QXcbConnection: XCB error: 2 (BadValue), sequence: 13300, resource id: 0, major code: 53 (CreatePixmap), minor code: 0
qt.qpa.xcb: QXcbConnection: XCB error: 9 (BadDrawable), sequence: 13301, resource id: 39846092, major code: 55 (CreateGC), minor code: 0
qt.qpa.xcb: QXcbConnection: XCB error: 9 (BadDrawable), sequence: 13302, resource id: 39846092, major code: 72 (PutImage), minor code: 0
qt.qpa.xcb: QXcbConnection: XCB error: 2 (BadValue), sequence: 13303, resource id: 0, major code: 53 (CreatePixmap), minor code: 0
qt.qpa.xcb: QXcbConnection: XCB error: 9 (BadDrawable), sequence: 13304, resource id: 39846094, major code: 55 (CreateGC), minor code: 0
qt.qpa.xcb: QXcbConnection: XCB error: 9 (BadDrawable), sequence: 13305, resource id: 39846094, major code: 72 (PutImage), minor code: 0
qt.qpa.xcb: QXcbConnection: XCB error: 2 (BadValue), sequence: 13306, resource id: 0, major code: 53 (CreatePixmap), minor code: 0
qt.qpa.xcb: QXcbConnection: XCB error: 9 (BadDrawable), sequence: 13307, resource id: 39846096, major code: 55 (CreateGC), minor code: 0
qt.qpa.xcb: QXcbConnection: XCB error: 9 (BadDrawable), sequence: 13308, resource id: 39846096, major code: 72 (PutImage), minor code: 0
qt.qpa.xcb: QXcbConnection: XCB error: 2 (BadValue), sequence: 13309, resource id: 0, major code: 53 (CreatePixmap), minor code: 0
qt.qpa.xcb: QXcbConnection: XCB error: 9 (BadDrawable), sequence: 13310, resource id: 39846098, major code: 55 (CreateGC), minor code: 0
qt.qpa.xcb: QXcbConnection: XCB error: 9 (BadDrawable), sequence: 13311, resource id: 39846098, major code: 72 (PutImage), minor code: 0
qt.qpa.xcb: QXcbConnection: XCB error: 2 (BadValue), sequence: 13312, resource id: 0, major code: 53 (CreatePixmap), minor code: 0
qt.qpa.xcb: QXcbConnection: XCB error: 9 (BadDrawable), sequence: 13313, resource id: 39846100, major code: 55 (CreateGC), minor code: 0
qt.qpa.xcb: QXcbConnection: XCB error: 9 (BadDrawable), sequence: 13314, resource id: 39846100, major code: 72 (PutImage), minor code: 0
qt.qpa.xcb: QXcbConnection: XCB error: 2 (BadValue), sequence: 13315, resource id: 0, major code: 53 (CreatePixmap), minor code: 0
qt.qpa.xcb: QXcbConnection: XCB error: 9 (BadDrawable), sequence: 13316, resource id: 39846102, major code: 55 (CreateGC), minor code: 0
qt.qpa.xcb: QXcbConnection: XCB error: 9 (BadDrawable), sequence: 13317, resource id: 39846102, major code: 72 (PutImage), minor code: 0
qt.qpa.xcb: QXcbConnection: XCB error: 2 (BadValue), sequence: 13318, resource id: 0, major code: 53 (CreatePixmap), minor code: 0
qt.qpa.xcb: QXcbConnection: XCB error: 9 (BadDrawable), sequence: 13319, resource id: 39846104, major code: 55 (CreateGC), minor code: 0
qt.qpa.xcb: QXcbConnection: XCB error: 9 (BadDrawable), sequence: 13320, resource id: 39846104, major code: 72 (PutImage), minor code: 0
qt.qpa.xcb: QXcbConnection: XCB error: 2 (BadValue), sequence: 13321, resource id: 0, major code: 53 (CreatePixmap), minor code: 0
qt.qpa.xcb: QXcbConnection: XCB error: 9 (BadDrawable), sequence: 13322, resource id: 39846106, major code: 55 (CreateGC), minor code: 0
qt.qpa.xcb: QXcbConnection: XCB error: 9 (BadDrawable), sequence: 13323, resource id: 39846106, major code: 72 (PutImage), minor code: 0
file:///usr/share/plasma/plasmoids/org.kde.plasma.notifications/contents/ui/SelectableLabel.qml:37:5: QML TextArea: Binding loop detected for property "implicitHeight"
libkcups: Renew-Subscription last error: 1030 Subscription #418 does not exist.
libkcups: Subscription not found
libkcups: Create-Printer-Subscriptions last error: 1024 notify-events not specified.
libkcups: Request failed 1024 -1
libkcups: Create-Printer-Subscriptions last error: 0 successful-ok
kde.dataengine.mpris: "org.mpris.MediaPlayer2.vlc.instance447131" does not implement org.freedesktop.DBus.Properties correctly Error message was "org.freedesktop.DBus.Error.NoReply" "Message recipient disconnected from message bus without replying"
kde.dataengine.mpris: Failed to find working MPRIS2 interface for "org.mpris.MediaPlayer2.vlc.instance447131"
kde.dataengine.mpris: "org.mpris.MediaPlayer2.vlc.instance447678" does not implement org.freedesktop.DBus.Properties correctly Error message was "org.freedesktop.DBus.Error.NoReply" "Message recipient disconnected from message bus without replying"
kde.dataengine.mpris: Failed to find working MPRIS2 interface for "org.mpris.MediaPlayer2.vlc.instance447678"
kde.dataengine.mpris: "org.mpris.MediaPlayer2.vlc.instance447709" does not implement org.freedesktop.DBus.Properties correctly Error message was "org.freedesktop.DBus.Error.NoReply" "Message recipient disconnected from message bus without replying"
kde.dataengine.mpris: Failed to find working MPRIS2 interface for "org.mpris.MediaPlayer2.vlc.instance447709"
[000055e89dccd580] main libvlc: Running vlc with the default interface. Use 'cvlc' to use vlc without interface.
[000055e89dd6a7f0] main playlist: playlist is empty
file:///usr/share/plasma/plasmoids/org.kde.plasma.taskmanager/contents/ui/ToolTipDelegate.qml:89:9: QML ScrollView: Binding loop detected for property "bottomPadding"
qt.qpa.xcb: QXcbConnection: XCB error: 3 (BadWindow), sequence: 5050, resource id: 18888526, major code: 40 (TranslateCoords), minor code: 0
[31muint DBusMenuExporterDBus::GetLayout(int, int, const QStringList&, DBusMenuLayoutItem&)[0m: Condition failed: menu
[31muint DBusMenuExporterDBus::GetLayout(int, int, const QStringList&, DBusMenuLayoutItem&)[0m: Condition failed: menu
qt.svg: <input>:303:258: Could not add child element to parent element because the types are incorrect.
qt.svg: <input>:303:463: Could not add child element to parent element because the types are incorrect.
qt.svg: <input>:303:659: Could not add child element to parent element because the types are incorrect.
qt.svg: <input>:303:913: Could not add child element to parent element because the types are incorrect.
qt.svg: <input>:303:1049: Could not add child element to parent element because the types are incorrect.
qt.svg: <input>:303:1251: Could not add child element to parent element because the types are incorrect.
qt.svg: <input>:303:1453: Could not add child element to parent element because the types are incorrect.
qt.svg: <input>:303:1631: Could not add child element to parent element because the types are incorrect.
qt.svg: <input>:303:1739: Could not add child element to parent element because the types are incorrect.
qt.svg: <input>:303:1980: Could not add child element to parent element because the types are incorrect.
qt.svg: <input>:303:2223: Could not add child element to parent element because the types are incorrect.
qt.qpa.xcb: QXcbConnection: XCB error: 4 (BadPixmap), sequence: 29290, resource id: 39846096, major code: 54 (FreePixmap), minor code: 0
qt.qpa.xcb: QXcbConnection: XCB error: 13 (BadGC), sequence: 29291, resource id: 39846097, major code: 60 (FreeGC), minor code: 0
qt.qpa.xcb: QXcbConnection: XCB error: 4 (BadPixmap), sequence: 29292, resource id: 39846098, major code: 54 (FreePixmap), minor code: 0
qt.qpa.xcb: QXcbConnection: XCB error: 13 (BadGC), sequence: 29293, resource id: 39846099, major code: 60 (FreeGC), minor code: 0
qt.qpa.xcb: QXcbConnection: XCB error: 4 (BadPixmap), sequence: 29294, resource id: 39846100, major code: 54 (FreePixmap), minor code: 0
qt.qpa.xcb: QXcbConnection: XCB error: 13 (BadGC), sequence: 29295, resource id: 39846101, major code: 60 (FreeGC), minor code: 0
qt.qpa.xcb: QXcbConnection: XCB error: 4 (BadPixmap), sequence: 29296, resource id: 39846102, major code: 54 (FreePixmap), minor code: 0
qt.qpa.xcb: QXcbConnection: XCB error: 13 (BadGC), sequence: 29297, resource id: 39846103, major code: 60 (FreeGC), minor code: 0
qt.qpa.xcb: QXcbConnection: XCB error: 4 (BadPixmap), sequence: 29298, resource id: 39846104, major code: 54 (FreePixmap), minor code: 0
qt.qpa.xcb: QXcbConnection: XCB error: 13 (BadGC), sequence: 29299, resource id: 39846105, major code: 60 (FreeGC), minor code: 0
qt.qpa.xcb: QXcbConnection: XCB error: 4 (BadPixmap), sequence: 29300, resource id: 39846106, major code: 54 (FreePixmap), minor code: 0
qt.qpa.xcb: QXcbConnection: XCB error: 13 (BadGC), sequence: 29301, resource id: 39846107, major code: 60 (FreeGC), minor code: 0
qt.qpa.xcb: QXcbConnection: XCB error: 4 (BadPixmap), sequence: 29302, resource id: 39846092, major code: 54 (FreePixmap), minor code: 0
qt.qpa.xcb: QXcbConnection: XCB error: 13 (BadGC), sequence: 29303, resource id: 39846093, major code: 60 (FreeGC), minor code: 0
qt.qpa.xcb: QXcbConnection: XCB error: 4 (BadPixmap), sequence: 29304, resource id: 39846094, major code: 54 (FreePixmap), minor code: 0
qt.qpa.xcb: QXcbConnection: XCB error: 13 (BadGC), sequence: 29305, resource id: 39846095, major code: 60 (FreeGC), minor code: 0
qt.svg: <input>:303:258: Could not add child element to parent element because the types are incorrect.
qt.svg: <input>:303:463: Could not add child element to parent element because the types are incorrect.
qt.svg: <input>:303:659: Could not add child element to parent element because the types are incorrect.
qt.svg: <input>:303:913: Could not add child element to parent element because the types are incorrect.
qt.svg: <input>:303:1049: Could not add child element to parent element because the types are incorrect.
qt.svg: <input>:303:1251: Could not add child element to parent element because the types are incorrect.
qt.svg: <input>:303:1453: Could not add child element to parent element because the types are incorrect.
qt.svg: <input>:303:1631: Could not add child element to parent element because the types are incorrect.
qt.svg: <input>:303:1739: Could not add child element to parent element because the types are incorrect.
qt.svg: <input>:303:1980: Could not add child element to parent element because the types are incorrect.
qt.svg: <input>:303:2223: Could not add child element to parent element because the types are incorrect.
qt.qpa.xcb: QXcbConnection: XCB error: 2 (BadValue), sequence: 30685, resource id: 0, major code: 53 (CreatePixmap), minor code: 0
qt.qpa.xcb: QXcbConnection: XCB error: 9 (BadDrawable), sequence: 30686, resource id: 39846196, major code: 55 (CreateGC), minor code: 0
qt.qpa.xcb: QXcbConnection: XCB error: 9 (BadDrawable), sequence: 30687, resource id: 39846196, major code: 72 (PutImage), minor code: 0
qt.qpa.xcb: QXcbConnection: XCB error: 2 (BadValue), sequence: 30688, resource id: 0, major code: 53 (CreatePixmap), minor code: 0
qt.qpa.xcb: QXcbConnection: XCB error: 9 (BadDrawable), sequence: 30689, resource id: 39846198, major code: 55 (CreateGC), minor code: 0
qt.qpa.xcb: QXcbConnection: XCB error: 9 (BadDrawable), sequence: 30690, resource id: 39846198, major code: 72 (PutImage), minor code: 0
qt.qpa.xcb: QXcbConnection: XCB error: 2 (BadValue), sequence: 30691, resource id: 0, major code: 53 (CreatePixmap), minor code: 0
qt.qpa.xcb: QXcbConnection: XCB error: 9 (BadDrawable), sequence: 30692, resource id: 39846200, major code: 55 (CreateGC), minor code: 0
qt.qpa.xcb: QXcbConnection: XCB error: 9 (BadDrawable), sequence: 30693, resource id: 39846200, major code: 72 (PutImage), minor code: 0
qt.qpa.xcb: QXcbConnection: XCB error: 2 (BadValue), sequence: 30694, resource id: 0, major code: 53 (CreatePixmap), minor code: 0
qt.qpa.xcb: QXcbConnection: XCB error: 9 (BadDrawable), sequence: 30695, resource id: 39846202, major code: 55 (CreateGC), minor code: 0
qt.qpa.xcb: QXcbConnection: XCB error: 9 (BadDrawable), sequence: 30696, resource id: 39846202, major code: 72 (PutImage), minor code: 0
qt.qpa.xcb: QXcbConnection: XCB error: 2 (BadValue), sequence: 30697, resource id: 0, major code: 53 (CreatePixmap), minor code: 0
qt.qpa.xcb: QXcbConnection: XCB error: 9 (BadDrawable), sequence: 30698, resource id: 39846204, major code: 55 (CreateGC), minor code: 0
qt.qpa.xcb: QXcbConnection: XCB error: 9 (BadDrawable), sequence: 30699, resource id: 39846204, major code: 72 (PutImage), minor code: 0
qt.qpa.xcb: QXcbConnection: XCB error: 2 (BadValue), sequence: 30700, resource id: 0, major code: 53 (CreatePixmap), minor code: 0
qt.qpa.xcb: QXcbConnection: XCB error: 9 (BadDrawable), sequence: 30701, resource id: 39846206, major code: 55 (CreateGC), minor code: 0
qt.qpa.xcb: QXcbConnection: XCB error: 9 (BadDrawable), sequence: 30702, resource id: 39846206, major code: 72 (PutImage), minor code: 0
qt.qpa.xcb: QXcbConnection: XCB error: 2 (BadValue), sequence: 30703, resource id: 0, major code: 53 (CreatePixmap), minor code: 0
qt.qpa.xcb: QXcbConnection: XCB error: 9 (BadDrawable), sequence: 30704, resource id: 39846208, major code: 55 (CreateGC), minor code: 0
qt.qpa.xcb: QXcbConnection: XCB error: 9 (BadDrawable), sequence: 30705, resource id: 39846208, major code: 72 (PutImage), minor code: 0
qt.qpa.xcb: QXcbConnection: XCB error: 2 (BadValue), sequence: 30706, resource id: 0, major code: 53 (CreatePixmap), minor code: 0
qt.qpa.xcb: QXcbConnection: XCB error: 9 (BadDrawable), sequence: 30707, resource id: 39846210, major code: 55 (CreateGC), minor code: 0
qt.qpa.xcb: QXcbConnection: XCB error: 9 (BadDrawable), sequence: 30708, resource id: 39846210, major code: 72 (PutImage), minor code: 0
libkcups: Renew-Subscription last error: 0 successful-ok
qt.svg: <input>:303:258: Could not add child element to parent element because the types are incorrect.
qt.svg: <input>:303:463: Could not add child element to parent element because the types are incorrect.
qt.svg: <input>:303:659: Could not add child element to parent element because the types are incorrect.
qt.svg: <input>:303:913: Could not add child element to parent element because the types are incorrect.
qt.svg: <input>:303:1049: Could not add child element to parent element because the types are incorrect.
qt.svg: <input>:303:1251: Could not add child element to parent element because the types are incorrect.
qt.svg: <input>:303:1453: Could not add child element to parent element because the types are incorrect.
qt.svg: <input>:303:1631: Could not add child element to parent element because the types are incorrect.
qt.svg: <input>:303:1739: Could not add child element to parent element because the types are incorrect.
qt.svg: <input>:303:1980: Could not add child element to parent element because the types are incorrect.
qt.svg: <input>:303:2223: Could not add child element to parent element because the types are incorrect.
qt.qpa.xcb: QXcbConnection: XCB error: 4 (BadPixmap), sequence: 32896, resource id: 39846200, major code: 54 (FreePixmap), minor code: 0
qt.qpa.xcb: QXcbConnection: XCB error: 13 (BadGC), sequence: 32897, resource id: 39846201, major code: 60 (FreeGC), minor code: 0
qt.qpa.xcb: QXcbConnection: XCB error: 4 (BadPixmap), sequence: 32898, resource id: 39846202, major code: 54 (FreePixmap), minor code: 0
qt.qpa.xcb: QXcbConnection: XCB error: 13 (BadGC), sequence: 32899, resource id: 39846203, major code: 60 (FreeGC), minor code: 0
qt.qpa.xcb: QXcbConnection: XCB error: 4 (BadPixmap), sequence: 32900, resource id: 39846204, major code: 54 (FreePixmap), minor code: 0
qt.qpa.xcb: QXcbConnection: XCB error: 13 (BadGC), sequence: 32901, resource id: 39846205, major code: 60 (FreeGC), minor code: 0
qt.qpa.xcb: QXcbConnection: XCB error: 4 (BadPixmap), sequence: 32902, resource id: 39846206, major code: 54 (FreePixmap), minor code: 0
qt.qpa.xcb: QXcbConnection: XCB error: 13 (BadGC), sequence: 32903, resource id: 39846207, major code: 60 (FreeGC), minor code: 0
qt.qpa.xcb: QXcbConnection: XCB error: 4 (BadPixmap), sequence: 32904, resource id: 39846208, major code: 54 (FreePixmap), minor code: 0
qt.qpa.xcb: QXcbConnection: XCB error: 13 (BadGC), sequence: 32905, resource id: 39846209, major code: 60 (FreeGC), minor code: 0
qt.qpa.xcb: QXcbConnection: XCB error: 4 (BadPixmap), sequence: 32906, resource id: 39846210, major code: 54 (FreePixmap), minor code: 0
qt.qpa.xcb: QXcbConnection: XCB error: 13 (BadGC), sequence: 32907, resource id: 39846211, major code: 60 (FreeGC), minor code: 0
qt.qpa.xcb: QXcbConnection: XCB error: 4 (BadPixmap), sequence: 32908, resource id: 39846196, major code: 54 (FreePixmap), minor code: 0
qt.qpa.xcb: QXcbConnection: XCB error: 13 (BadGC), sequence: 32909, resource id: 39846197, major code: 60 (FreeGC), minor code: 0
qt.qpa.xcb: QXcbConnection: XCB error: 4 (BadPixmap), sequence: 32910, resource id: 39846198, major code: 54 (FreePixmap), minor code: 0
qt.qpa.xcb: QXcbConnection: XCB error: 13 (BadGC), sequence: 32911, resource id: 39846199, major code: 60 (FreeGC), minor code: 0
libpng warning: iCCP: known incorrect sRGB profile
libpng warning: known incorrect sRGB profile
libpng warning: profile matches sRGB but writing iCCP instead
qt.svg: <input>:303:258: Could not add child element to parent element because the types are incorrect.
qt.svg: <input>:303:463: Could not add child element to parent element because the types are incorrect.
qt.svg: <input>:303:659: Could not add child element to parent element because the types are incorrect.
qt.svg: <input>:303:913: Could not add child element to parent element because the types are incorrect.
qt.svg: <input>:303:1049: Could not add child element to parent element because the types are incorrect.
qt.svg: <input>:303:1251: Could not add child element to parent element because the types are incorrect.
qt.svg: <input>:303:1453: Could not add child element to parent element because the types are incorrect.
qt.svg: <input>:303:1631: Could not add child element to parent element because the types are incorrect.
qt.svg: <input>:303:1739: Could not add child element to parent element because the types are incorrect.
qt.svg: <input>:303:1980: Could not add child element to parent element because the types are incorrect.
qt.svg: <input>:303:2223: Could not add child element to parent element because the types are incorrect.
qt.qpa.xcb: QXcbConnection: XCB error: 2 (BadValue), sequence: 35729, resource id: 0, major code: 53 (CreatePixmap), minor code: 0
qt.qpa.xcb: QXcbConnection: XCB error: 9 (BadDrawable), sequence: 35730, resource id: 39846232, major code: 55 (CreateGC), minor code: 0
qt.qpa.xcb: QXcbConnection: XCB error: 9 (BadDrawable), sequence: 35731, resource id: 39846232, major code: 72 (PutImage), minor code: 0
qt.qpa.xcb: QXcbConnection: XCB error: 2 (BadValue), sequence: 35732, resource id: 0, major code: 53 (CreatePixmap), minor code: 0
qt.qpa.xcb: QXcbConnection: XCB error: 9 (BadDrawable), sequence: 35733, resource id: 39846234, major code: 55 (CreateGC), minor code: 0
qt.qpa.xcb: QXcbConnection: XCB error: 9 (BadDrawable), sequence: 35734, resource id: 39846234, major code: 72 (PutImage), minor code: 0
qt.qpa.xcb: QXcbConnection: XCB error: 2 (BadValue), sequence: 35735, resource id: 0, major code: 53 (CreatePixmap), minor code: 0
qt.qpa.xcb: QXcbConnection: XCB error: 9 (BadDrawable), sequence: 35736, resource id: 39846236, major code: 55 (CreateGC), minor code: 0
qt.qpa.xcb: QXcbConnection: XCB error: 9 (BadDrawable), sequence: 35737, resource id: 39846236, major code: 72 (PutImage), minor code: 0
qt.qpa.xcb: QXcbConnection: XCB error: 2 (BadValue), sequence: 35738, resource id: 0, major code: 53 (CreatePixmap), minor code: 0
qt.qpa.xcb: QXcbConnection: XCB error: 9 (BadDrawable), sequence: 35739, resource id: 39846238, major code: 55 (CreateGC), minor code: 0
qt.qpa.xcb: QXcbConnection: XCB error: 9 (BadDrawable), sequence: 35740, resource id: 39846238, major code: 72 (PutImage), minor code: 0
qt.qpa.xcb: QXcbConnection: XCB error: 2 (BadValue), sequence: 35741, resource id: 0, major code: 53 (CreatePixmap), minor code: 0
qt.qpa.xcb: QXcbConnection: XCB error: 9 (BadDrawable), sequence: 35742, resource id: 39846240, major code: 55 (CreateGC), minor code: 0
qt.qpa.xcb: QXcbConnection: XCB error: 9 (BadDrawable), sequence: 35743, resource id: 39846240, major code: 72 (PutImage), minor code: 0
qt.qpa.xcb: QXcbConnection: XCB error: 2 (BadValue), sequence: 35744, resource id: 0, major code: 53 (CreatePixmap), minor code: 0
qt.qpa.xcb: QXcbConnection: XCB error: 9 (BadDrawable), sequence: 35745, resource id: 39846242, major code: 55 (CreateGC), minor code: 0
qt.qpa.xcb: QXcbConnection: XCB error: 9 (BadDrawable), sequence: 35746, resource id: 39846242, major code: 72 (PutImage), minor code: 0
qt.qpa.xcb: QXcbConnection: XCB error: 2 (BadValue), sequence: 35747, resource id: 0, major code: 53 (CreatePixmap), minor code: 0
qt.qpa.xcb: QXcbConnection: XCB error: 9 (BadDrawable), sequence: 35748, resource id: 39846244, major code: 55 (CreateGC), minor code: 0
qt.qpa.xcb: QXcbConnection: XCB error: 9 (BadDrawable), sequence: 35749, resource id: 39846244, major code: 72 (PutImage), minor code: 0
qt.qpa.xcb: QXcbConnection: XCB error: 2 (BadValue), sequence: 35750, resource id: 0, major code: 53 (CreatePixmap), minor code: 0
qt.qpa.xcb: QXcbConnection: XCB error: 9 (BadDrawable), sequence: 35751, resource id: 39846246, major code: 55 (CreateGC), minor code: 0
qt.qpa.xcb: QXcbConnection: XCB error: 9 (BadDrawable), sequence: 35752, resource id: 39846246, major code: 72 (PutImage), minor code: 0
libkcups: Renew-Subscription last error: 0 successful-ok
qt.svg: <input>:303:258: Could not add child element to parent element because the types are incorrect.
qt.svg: <input>:303:463: Could not add child element to parent element because the types are incorrect.
qt.svg: <input>:303:659: Could not add child element to parent element because the types are incorrect.
qt.svg: <input>:303:913: Could not add child element to parent element because the types are incorrect.
qt.svg: <input>:303:1049: Could not add child element to parent element because the types are incorrect.
qt.svg: <input>:303:1251: Could not add child element to parent element because the types are incorrect.
qt.svg: <input>:303:1453: Could not add child element to parent element because the types are incorrect.
qt.svg: <input>:303:1631: Could not add child element to parent element because the types are incorrect.
qt.svg: <input>:303:1739: Could not add child element to parent element because the types are incorrect.
qt.svg: <input>:303:1980: Could not add child element to parent element because the types are incorrect.
qt.svg: <input>:303:2223: Could not add child element to parent element because the types are incorrect.
qt.qpa.xcb: QXcbConnection: XCB error: 4 (BadPixmap), sequence: 39357, resource id: 39846236, major code: 54 (FreePixmap), minor code: 0
qt.qpa.xcb: QXcbConnection: XCB error: 13 (BadGC), sequence: 39358, resource id: 39846237, major code: 60 (FreeGC), minor code: 0
qt.qpa.xcb: QXcbConnection: XCB error: 4 (BadPixmap), sequence: 39359, resource id: 39846238, major code: 54 (FreePixmap), minor code: 0
qt.qpa.xcb: QXcbConnection: XCB error: 13 (BadGC), sequence: 39360, resource id: 39846239, major code: 60 (FreeGC), minor code: 0
qt.qpa.xcb: QXcbConnection: XCB error: 4 (BadPixmap), sequence: 39361, resource id: 39846240, major code: 54 (FreePixmap), minor code: 0
qt.qpa.xcb: QXcbConnection: XCB error: 13 (BadGC), sequence: 39362, resource id: 39846241, major code: 60 (FreeGC), minor code: 0
qt.qpa.xcb: QXcbConnection: XCB error: 4 (BadPixmap), sequence: 39363, resource id: 39846242, major code: 54 (FreePixmap), minor code: 0
qt.qpa.xcb: QXcbConnection: XCB error: 13 (BadGC), sequence: 39364, resource id: 39846243, major code: 60 (FreeGC), minor code: 0
qt.qpa.xcb: QXcbConnection: XCB error: 4 (BadPixmap), sequence: 39365, resource id: 39846244, major code: 54 (FreePixmap), minor code: 0
qt.qpa.xcb: QXcbConnection: XCB error: 13 (BadGC), sequence: 39366, resource id: 39846245, major code: 60 (FreeGC), minor code: 0
qt.qpa.xcb: QXcbConnection: XCB error: 4 (BadPixmap), sequence: 39367, resource id: 39846246, major code: 54 (FreePixmap), minor code: 0
qt.qpa.xcb: QXcbConnection: XCB error: 13 (BadGC), sequence: 39368, resource id: 39846247, major code: 60 (FreeGC), minor code: 0
qt.qpa.xcb: QXcbConnection: XCB error: 4 (BadPixmap), sequence: 39369, resource id: 39846232, major code: 54 (FreePixmap), minor code: 0
qt.qpa.xcb: QXcbConnection: XCB error: 13 (BadGC), sequence: 39370, resource id: 39846233, major code: 60 (FreeGC), minor code: 0
qt.qpa.xcb: QXcbConnection: XCB error: 4 (BadPixmap), sequence: 39371, resource id: 39846234, major code: 54 (FreePixmap), minor code: 0
qt.qpa.xcb: QXcbConnection: XCB error: 13 (BadGC), sequence: 39372, resource id: 39846235, major code: 60 (FreeGC), minor code: 0
"Object does not exist at path “/org/freedesktop/NetworkManager/ActiveConnection/18”"
"Object does not exist at path “/org/freedesktop/NetworkManager/ActiveConnection/18”"
"Object does not exist at path “/org/freedesktop/NetworkManager/ActiveConnection/18”"
"Object does not exist at path “/org/freedesktop/NetworkManager/ActiveConnection/18”"
"Object does not exist at path “/org/freedesktop/NetworkManager/ActiveConnection/18”"
"Object does not exist at path “/org/freedesktop/NetworkManager/ActiveConnection/18”"
"Object does not exist at path “/org/freedesktop/NetworkManager/ActiveConnection/18”"
"Object does not exist at path “/org/freedesktop/NetworkManager/ActiveConnection/18”"
"Object does not exist at path “/org/freedesktop/NetworkManager/ActiveConnection/18”"
"Object does not exist at path “/org/freedesktop/NetworkManager/ActiveConnection/18”"
"Object does not exist at path “/org/freedesktop/NetworkManager/ActiveConnection/18”"
"Object does not exist at path “/org/freedesktop/NetworkManager/ActiveConnection/18”"
"Object does not exist at path “/org/freedesktop/NetworkManager/ActiveConnection/18”"
"Object does not exist at path “/org/freedesktop/NetworkManager/ActiveConnection/18”"
"Object does not exist at path “/org/freedesktop/NetworkManager/ActiveConnection/18”"
"Object does not exist at path “/org/freedesktop/NetworkManager/ActiveConnection/18”"
"Object does not exist at path “/org/freedesktop/NetworkManager/ActiveConnection/18”"
"Object does not exist at path “/org/freedesktop/NetworkManager/ActiveConnection/18”"
"Object does not exist at path “/org/freedesktop/NetworkManager/ActiveConnection/18”"
"Object does not exist at path “/org/freedesktop/NetworkManager/ActiveConnection/18”"
"Object does not exist at path “/org/freedesktop/NetworkManager/ActiveConnection/18”"
"Object does not exist at path “/org/freedesktop/NetworkManager/ActiveConnection/18”"
"Object does not exist at path “/org/freedesktop/NetworkManager/ActiveConnection/18”"
"Object does not exist at path “/org/freedesktop/NetworkManager/ActiveConnection/18”"
"Object does not exist at path “/org/freedesktop/NetworkManager/ActiveConnection/18”"
file:///usr/share/plasma/plasmoids/org.kde.plasma.taskmanager/contents/ui/ToolTipDelegate.qml:89:9: QML ScrollView: Binding loop detected for property "bottomPadding"
Discord 0.0.17
Quitting secondary instance.
